<?xml version="1.0" encoding="UTF-8"?>
<!-- Generated by org.testng.reporters.JUnitReportReporter -->
<testsuite hostname="Leosavan" name="Com.FI.TestScripts.AddIndicator" tests="1" failures="0" timestamp="11 Mar 2014 14:16:17 GMT" time="4.767" errors="0">
  <testcase name="testLogin" time="4.767" classname="Com.FI.TestScripts.AddIndicator"/>
</testsuite> <!-- Com.FI.TestScripts.AddIndicator -->
